# JRE version: OpenJDK Runtime Environment (20.0.1+9) (build 20.0.1+9-29)
# Java VM: OpenJDK 64-Bit Server VM (20.0.1+9-29, mixed mode, sharing, tiered, compressed oops, compressed class ptrs, g1 gc, windows-amd64)
GC Precious Log:
 CardTable entry size: 512
 Card Set container configuration: InlinePtr #cards 4 size 8 Array Of Cards #cards 16 size 48 Howl #buckets 8 coarsen threshold 3686 Howl Bitmap #cards 512 size 80 coarsen threshold 460 Card regions per heap region 1 cards per card region 4096
 CPUs: 8 total, 8 available
 Memory: 16167M
 Large Page Support: Disabled
 NUMA Support: Disabled
 Compressed Oops: Enabled (Zero based)
 Heap Region Size: 2M
 Heap Min Capacity: 8M
 Heap Initial Capacity: 254M
 Heap Max Capacity: 4042M
 Pre-touch: Disabled
 Parallel Workers: 8
 Concurrent Workers: 2
 Concurrent Refinement Workers: 8
 Periodic GC: Disabled
Heap:
 garbage-first heap   total 73728K, used 40581K [0x0000000703600000, 0x0000000800000000)
  region size 2048K, 8 young (16384K), 2 survivors (4096K)
 Metaspace       used 67462K, committed 68224K, reserved 1114112K
  class space    used 9009K, committed 9344K, reserved 1048576K
GC Heap History (20 events):
Event: 1.607 GC heap before
{Heap before GC invocations=1 (full 0):
 garbage-first heap   total 260096K, used 29427K [0x0000000703600000, 0x0000000800000000)
  region size 2048K, 14 young (28672K), 2 survivors (4096K)
 Metaspace       used 11889K, committed 12160K, reserved 1114112K
  class space    used 1395K, committed 1536K, reserved 1048576K
}
Event: 1.612 GC heap after
{Heap after GC invocations=2 (full 0):
 garbage-first heap   total 260096K, used 9251K [0x0000000703600000, 0x0000000800000000)
  region size 2048K, 2 young (4096K), 2 survivors (4096K)
 Metaspace       used 11889K, committed 12160K, reserved 1114112K
  class space    used 1395K, committed 1536K, reserved 1048576K
}
Event: 3.327 GC heap before
{Heap before GC invocations=2 (full 0):
 garbage-first heap   total 260096K, used 64547K [0x0000000703600000, 0x0000000800000000)
  region size 2048K, 30 young (61440K), 2 survivors (4096K)
 Metaspace       used 21175K, committed 21504K, reserved 1114112K
  class space    used 2560K, committed 2752K, reserved 1048576K
}
Event: 3.334 GC heap after
{Heap after GC invocations=3 (full 0):
 garbage-first heap   total 260096K, used 13711K [0x0000000703600000, 0x0000000800000000)
  region size 2048K, 4 young (8192K), 4 survivors (8192K)
 Metaspace       used 21175K, committed 21504K, reserved 1114112K
  class space    used 2560K, committed 2752K, reserved 1048576K
}
Event: 6.145 GC heap before
{Heap before GC invocations=4 (full 0):
 garbage-first heap   total 61440K, used 58767K [0x0000000703600000, 0x0000000800000000)
  region size 2048K, 26 young (53248K), 4 survivors (8192K)
 Metaspace       used 29315K, committed 29888K, reserved 1114112K
  class space    used 3658K, committed 3904K, reserved 1048576K
}
Event: 6.153 GC heap after
{Heap after GC invocations=5 (full 0):
 garbage-first heap   total 73728K, used 18679K [0x0000000703600000, 0x0000000800000000)
  region size 2048K, 6 young (12288K), 6 survivors (12288K)
 Metaspace       used 29315K, committed 29888K, reserved 1114112K
  class space    used 3658K, committed 3904K, reserved 1048576K
}
Event: 6.927 GC heap before
{Heap before GC invocations=5 (full 0):
 garbage-first heap   total 73728K, used 45303K [0x0000000703600000, 0x0000000800000000)
  region size 2048K, 20 young (40960K), 6 survivors (12288K)
 Metaspace       used 35426K, committed 35968K, reserved 1114112K
  class space    used 4571K, committed 4800K, reserved 1048576K
}
Event: 6.936 GC heap after
{Heap after GC invocations=6 (full 0):
 garbage-first heap   total 73728K, used 20394K [0x0000000703600000, 0x0000000800000000)
  region size 2048K, 2 young (4096K), 2 survivors (4096K)
 Metaspace       used 35426K, committed 35968K, reserved 1114112K
  class space    used 4571K, committed 4800K, reserved 1048576K
}
Event: 6.983 GC heap before
{Heap before GC invocations=6 (full 0):
 garbage-first heap   total 73728K, used 20394K [0x0000000703600000, 0x0000000800000000)
  region size 2048K, 3 young (6144K), 2 survivors (4096K)
 Metaspace       used 35719K, committed 36288K, reserved 1114112K
  class space    used 4611K, committed 4864K, reserved 1048576K
}
Event: 6.985 GC heap after
{Heap after GC invocations=7 (full 0):
 garbage-first heap   total 73728K, used 19731K [0x0000000703600000, 0x0000000800000000)
  region size 2048K, 1 young (2048K), 1 survivors (2048K)
 Metaspace       used 35719K, committed 36288K, reserved 1114112K
  class space    used 4611K, committed 4864K, reserved 1048576K
}
Event: 8.642 GC heap before
{Heap before GC invocations=8 (full 0):
 garbage-first heap   total 73728K, used 58643K [0x0000000703600000, 0x0000000800000000)
  region size 2048K, 20 young (40960K), 1 survivors (2048K)
 Metaspace       used 49826K, committed 50432K, reserved 1114112K
  class space    used 6298K, committed 6528K, reserved 1048576K
}
Event: 8.649 GC heap after
{Heap after GC invocations=9 (full 0):
 garbage-first heap   total 73728K, used 23160K [0x0000000703600000, 0x0000000800000000)
  region size 2048K, 3 young (6144K), 3 survivors (6144K)
 Metaspace       used 49826K, committed 50432K, reserved 1114112K
  class space    used 6298K, committed 6528K, reserved 1048576K
}
Event: 10.611 GC heap before
{Heap before GC invocations=9 (full 0):
 garbage-first heap   total 73728K, used 60024K [0x0000000703600000, 0x0000000800000000)
  region size 2048K, 21 young (43008K), 3 survivors (6144K)
 Metaspace       used 58959K, committed 59520K, reserved 1114112K
  class space    used 7770K, committed 8000K, reserved 1048576K
}
Event: 10.617 GC heap after
{Heap after GC invocations=10 (full 0):
 garbage-first heap   total 73728K, used 25138K [0x0000000703600000, 0x0000000800000000)
  region size 2048K, 2 young (4096K), 2 survivors (4096K)
 Metaspace       used 58959K, committed 59520K, reserved 1114112K
  class space    used 7770K, committed 8000K, reserved 1048576K
}
Event: 10.780 GC heap before
{Heap before GC invocations=10 (full 0):
 garbage-first heap   total 73728K, used 27186K [0x0000000703600000, 0x0000000800000000)
  region size 2048K, 4 young (8192K), 2 survivors (4096K)
 Metaspace       used 59983K, committed 60608K, reserved 1114112K
  class space    used 7881K, committed 8192K, reserved 1048576K
}
Event: 10.785 GC heap after
{Heap after GC invocations=11 (full 0):
 garbage-first heap   total 73728K, used 25414K [0x0000000703600000, 0x0000000800000000)
  region size 2048K, 2 young (4096K), 2 survivors (4096K)
 Metaspace       used 59983K, committed 60608K, reserved 1114112K
  class space    used 7881K, committed 8192K, reserved 1048576K
}
Event: 11.866 GC heap before
{Heap before GC invocations=12 (full 0):
 garbage-first heap   total 73728K, used 60230K [0x0000000703600000, 0x0000000800000000)
  region size 2048K, 19 young (38912K), 2 survivors (4096K)
 Metaspace       used 64602K, committed 65280K, reserved 1114112K
  class space    used 8605K, committed 8896K, reserved 1048576K
}
Event: 11.872 GC heap after
{Heap after GC invocations=13 (full 0):
 garbage-first heap   total 73728K, used 28470K [0x0000000703600000, 0x0000000800000000)
  region size 2048K, 3 young (6144K), 3 survivors (6144K)
 Metaspace       used 64602K, committed 65280K, reserved 1114112K
  class space    used 8605K, committed 8896K, reserved 1048576K
}
Event: 72.472 GC heap before
{Heap before GC invocations=13 (full 0):
 garbage-first heap   total 73728K, used 59190K [0x0000000703600000, 0x0000000800000000)
  region size 2048K, 18 young (36864K), 3 survivors (6144K)
 Metaspace       used 67432K, committed 68160K, reserved 1114112K
  class space    used 9009K, committed 9344K, reserved 1048576K
}
Event: 72.480 GC heap after
{Heap after GC invocations=14 (full 0):
 garbage-first heap   total 73728K, used 30341K [0x0000000703600000, 0x0000000800000000)
  region size 2048K, 2 young (4096K), 2 survivors (4096K)
 Metaspace       used 67432K, committed 68160K, reserved 1114112K
  class space    used 9009K, committed 9344K, reserved 1048576K
}

